{"type":"server-started","port":56526,"host":"127.0.0.1","url_host":"localhost","url":"http://localhost:56526","screen_dir":"/Users/theoreichert/Documents/Projects/Teutonia/.superpowers/brainstorm/75577-1774348530"}
{"type":"screen-added","file":"/Users/theoreichert/Documents/Projects/Teutonia/.superpowers/brainstorm/75577-1774348530/aesthetic-direction.html"}
{"type":"screen-updated","file":"/Users/theoreichert/Documents/Projects/Teutonia/.superpowers/brainstorm/75577-1774348530/aesthetic-direction.html"}
{"type":"screen-added","file":"/Users/theoreichert/Documents/Projects/Teutonia/.superpowers/brainstorm/75577-1774348530/narrative-flow.html"}
{"type":"screen-updated","file":"/Users/theoreichert/Documents/Projects/Teutonia/.superpowers/brainstorm/75577-1774348530/narrative-flow.html"}
{"type":"screen-updated","file":"/Users/theoreichert/Documents/Projects/Teutonia/.superpowers/brainstorm/75577-1774348530/narrative-flow.html"}
{"type":"screen-updated","file":"/Users/theoreichert/Documents/Projects/Teutonia/.superpowers/brainstorm/75577-1774348530/narrative-flow.html"}
{"type":"screen-added","file":"/Users/theoreichert/Documents/Projects/Teutonia/.superpowers/brainstorm/75577-1774348530/hero-layout.html"}
{"type":"screen-updated","file":"/Users/theoreichert/Documents/Projects/Teutonia/.superpowers/brainstorm/75577-1774348530/hero-layout.html"}
{"type":"screen-updated","file":"/Users/theoreichert/Documents/Projects/Teutonia/.superpowers/brainstorm/75577-1774348530/hero-layout.html"}
{"type":"screen-updated","file":"/Users/theoreichert/Documents/Projects/Teutonia/.superpowers/brainstorm/75577-1774348530/hero-layout.html"}
{"source":"user-event","type":"click","text":"Karlsruhe · Seit 1843\n          Keinerbleibtallein.\n          170+ Mitglieder.Eine Gemeinschaft.\n          \n            Bewerben →\n            Haus ansehen\n          \n        \n        \n        \n          \n          Haus Foto\n        \n      \n    \n    \n      B — Editorial Split\n      Large serif headline left, warm house/people image right. Classic editorial balance — like a magazine feature. Feels sophisticated and trustworthy. Works beautifully with the warm palette.","choice":"B","id":null,"timestamp":1774349080163}
{"source":"user-event","type":"click","text":"Karlsruhe · Seit 1843\n          Keinerbleibtallein.\n          170+ Mitglieder.Eine Gemeinschaft.\n          \n            Bewerben →\n            Haus ansehen\n          \n        \n        \n        \n          \n          Haus Foto\n        \n      \n    \n    \n      B — Editorial Split\n      Large serif headline left, warm house/people image right. Classic editorial balance — like a magazine feature. Feels sophisticated and trustworthy. Works beautifully with the warm palette.","choice":"B","id":null,"timestamp":1774349080336}
{"source":"user-event","type":"click","text":"Karlsruhe · Seit 1843\n          Keinerbleibtallein.\n          170+ Mitglieder.Eine Gemeinschaft.\n          \n            Bewerben →\n            Haus ansehen\n          \n        \n        \n        \n          \n          Haus Foto\n        \n      \n    \n    \n      B — Editorial Split\n      Large serif headline left, warm house/people image right. Classic editorial balance — like a magazine feature. Feels sophisticated and trustworthy. Works beautifully with the warm palette.","choice":"B","id":null,"timestamp":1774349080547}
{"source":"user-event","type":"click","text":"Karlsruhe · Seit 1843\n        Keiner bleibt allein.\n        Eine Bruderschaft, die seit 1843 aus KommilitonenFreunde fürs Leben macht.\n        \n          Jetzt bewerben\n          Mehr erfahren →\n        \n        \n          1843Gegründet\n          \n          170+Mitglieder\n          \n          5 Min.zum KIT\n        \n      \n    \n    \n      C — Centered Minimal\n      Centered headline, soft radial glow behind it, subtle metric row below — Vercel's exact approach adapted to Teutonia's warmth. Clean, modern, breathing. Animated glow gives it life without drama.","choice":"C","id":null,"timestamp":1774349082665}
{"source":"user-event","type":"click","text":"Karlsruhe · Seit 1843\n        Keiner bleibt allein.\n        Eine Bruderschaft, die seit 1843 aus KommilitonenFreunde fürs Leben macht.\n        \n          Jetzt bewerben\n          Mehr erfahren →\n        \n        \n          1843Gegründet\n          \n          170+Mitglieder\n          \n          5 Min.zum KIT\n        \n      \n    \n    \n      C — Centered Minimal\n      Centered headline, soft radial glow behind it, subtle metric row below — Vercel's exact approach adapted to Teutonia's warmth. Clean, modern, breathing. Animated glow gives it life without drama.","choice":"C","id":null,"timestamp":1774349100344}
{"type":"screen-added","file":"/Users/theoreichert/Documents/Projects/Teutonia/.superpowers/brainstorm/75577-1774348530/waiting.html"}
{"type":"screen-updated","file":"/Users/theoreichert/Documents/Projects/Teutonia/.superpowers/brainstorm/75577-1774348530/waiting.html"}
{"type":"screen-updated","file":"/Users/theoreichert/Documents/Projects/Teutonia/.superpowers/brainstorm/75577-1774348530/waiting.html"}
{"type":"screen-updated","file":"/Users/theoreichert/Documents/Projects/Teutonia/.superpowers/brainstorm/75577-1774348530/waiting.html"}
{"type":"server-stopped","reason":"idle timeout"}
