{"type":"server-started","port":53599,"host":"127.0.0.1","url_host":"localhost","url":"http://localhost:53599","screen_dir":"/Users/theoreichert/Documents/Projects/Teutonia/.superpowers/brainstorm/70741-1774392040"}
{"type":"screen-added","file":"/Users/theoreichert/Documents/Projects/Teutonia/.superpowers/brainstorm/70741-1774392040/layout-model.html"}
{"type":"screen-updated","file":"/Users/theoreichert/Documents/Projects/Teutonia/.superpowers/brainstorm/70741-1774392040/layout-model.html"}
{"type":"screen-updated","file":"/Users/theoreichert/Documents/Projects/Teutonia/.superpowers/brainstorm/70741-1774392040/layout-model.html"}
{"type":"screen-updated","file":"/Users/theoreichert/Documents/Projects/Teutonia/.superpowers/brainstorm/70741-1774392040/layout-model.html"}
{"source":"user-event","type":"click","text":"Aktuell ausgewählt\n        Loggia & Eingang\n        Ankommen zwischen Straße, Haus und Gemeinschaft.\n      \n      \n      \n        \n        \n        \n        \n        \n        \n      \n    \n    \n      C — Filmstrip unten + Hero oben\n      Kleine Raumkacheln als horizontale Leiste unten. Oben nimmt das ausgewählte Bild fast die ganze Fläche ein. Ähnlich wie eine Fotoshow — very cinematic, sehr dynamisch.","choice":"c","id":null,"timestamp":1774392232653}
{"type":"screen-added","file":"/Users/theoreichert/Documents/Projects/Teutonia/.superpowers/brainstorm/70741-1774392040/detail-level.html"}
{"type":"screen-updated","file":"/Users/theoreichert/Documents/Projects/Teutonia/.superpowers/brainstorm/70741-1774392040/detail-level.html"}
{"type":"screen-updated","file":"/Users/theoreichert/Documents/Projects/Teutonia/.superpowers/brainstorm/70741-1774392040/detail-level.html"}
{"type":"screen-updated","file":"/Users/theoreichert/Documents/Projects/Teutonia/.superpowers/brainstorm/70741-1774392040/detail-level.html"}
{"type":"screen-added","file":"/Users/theoreichert/Documents/Projects/Teutonia/.superpowers/brainstorm/70741-1774392040/filmstrip-style.html"}
{"type":"screen-updated","file":"/Users/theoreichert/Documents/Projects/Teutonia/.superpowers/brainstorm/70741-1774392040/filmstrip-style.html"}
{"type":"screen-updated","file":"/Users/theoreichert/Documents/Projects/Teutonia/.superpowers/brainstorm/70741-1774392040/filmstrip-style.html"}
{"type":"screen-updated","file":"/Users/theoreichert/Documents/Projects/Teutonia/.superpowers/brainstorm/70741-1774392040/filmstrip-style.html"}
{"type":"screen-updated","file":"/Users/theoreichert/Documents/Projects/Teutonia/.superpowers/brainstorm/70741-1774392040/filmstrip-style.html"}
{"type":"screen-added","file":"/Users/theoreichert/Documents/Projects/Teutonia/.superpowers/brainstorm/70741-1774392040/waiting.html"}
{"type":"screen-updated","file":"/Users/theoreichert/Documents/Projects/Teutonia/.superpowers/brainstorm/70741-1774392040/waiting.html"}
{"type":"screen-updated","file":"/Users/theoreichert/Documents/Projects/Teutonia/.superpowers/brainstorm/70741-1774392040/waiting.html"}
{"type":"screen-updated","file":"/Users/theoreichert/Documents/Projects/Teutonia/.superpowers/brainstorm/70741-1774392040/waiting.html"}
{"type":"server-stopped","reason":"idle timeout"}
